<?xml version="1.0" encoding="UTF-8"?>
<testng-results ignored="0" total="2" passed="2" failed="0" skipped="0">
  <reporter-output>
  </reporter-output>
  <suite started-at="2025-08-04T11:22:50 IST" name="Suite" finished-at="2025-08-04T11:23:51 IST" duration-ms="60617">
    <groups>
    </groups>
    <test started-at="2025-08-04T11:22:50 IST" name="Test" finished-at="2025-08-04T11:23:51 IST" duration-ms="60617">
      <class name="books.TC_DWS_001_TEST">
        <test-method is-config="true" signature="reportCnfig()[pri:0, instance:books.TC_DWS_001_TEST@7dcf94f8]" started-at="2025-08-04T11:22:50 IST" name="reportCnfig" finished-at="2025-08-04T11:22:50 IST" duration-ms="385" status="PASS">
          <reporter-output>
          </reporter-output>
        </test-method> <!-- reportCnfig -->
        <test-method is-config="true" signature="openBrowser()[pri:0, instance:books.TC_DWS_001_TEST@7dcf94f8]" started-at="2025-08-04T11:22:50 IST" name="openBrowser" finished-at="2025-08-04T11:23:37 IST" duration-ms="47092" status="PASS">
          <reporter-output>
          </reporter-output>
        </test-method> <!-- openBrowser -->
        <test-method is-config="true" signature="login()[pri:0, instance:books.TC_DWS_001_TEST@7dcf94f8]" started-at="2025-08-04T11:23:37 IST" name="login" finished-at="2025-08-04T11:23:39 IST" duration-ms="1857" status="PASS">
          <reporter-output>
          </reporter-output>
        </test-method> <!-- login -->
        <test-method signature="clickOnBooks()[pri:0, instance:books.TC_DWS_001_TEST@7dcf94f8]" started-at="2025-08-04T11:23:39 IST" name="clickOnBooks" finished-at="2025-08-04T11:23:40 IST" duration-ms="1083" status="PASS">
          <reporter-output>
          </reporter-output>
        </test-method> <!-- clickOnBooks -->
        <test-method is-config="true" signature="logout()[pri:0, instance:books.TC_DWS_001_TEST@7dcf94f8]" started-at="2025-08-04T11:23:40 IST" name="logout" finished-at="2025-08-04T11:23:41 IST" duration-ms="908" status="PASS">
          <reporter-output>
          </reporter-output>
        </test-method> <!-- logout -->
        <test-method is-config="true" signature="closeBrowser()[pri:0, instance:books.TC_DWS_001_TEST@7dcf94f8]" started-at="2025-08-04T11:23:41 IST" name="closeBrowser" finished-at="2025-08-04T11:23:42 IST" duration-ms="529" status="PASS">
          <reporter-output>
          </reporter-output>
        </test-method> <!-- closeBrowser -->
        <test-method is-config="true" signature="reportBackup()[pri:0, instance:books.TC_DWS_001_TEST@7dcf94f8]" started-at="2025-08-04T11:23:51 IST" name="reportBackup" finished-at="2025-08-04T11:23:51 IST" duration-ms="434" status="PASS">
          <reporter-output>
          </reporter-output>
        </test-method> <!-- reportBackup -->
      </class> <!-- books.TC_DWS_001_TEST -->
      <class name="computers.TCS_DWS_021_TEST">
        <test-method is-config="true" signature="openBrowser()[pri:0, instance:computers.TCS_DWS_021_TEST@477b4cdf]" started-at="2025-08-04T11:23:42 IST" name="openBrowser" finished-at="2025-08-04T11:23:47 IST" duration-ms="5214" status="PASS">
          <reporter-output>
          </reporter-output>
        </test-method> <!-- openBrowser -->
        <test-method is-config="true" signature="login()[pri:0, instance:computers.TCS_DWS_021_TEST@477b4cdf]" started-at="2025-08-04T11:23:47 IST" name="login" finished-at="2025-08-04T11:23:49 IST" duration-ms="1723" status="PASS">
          <reporter-output>
          </reporter-output>
        </test-method> <!-- login -->
        <test-method signature="clickOnComputer()[pri:0, instance:computers.TCS_DWS_021_TEST@477b4cdf]" started-at="2025-08-04T11:23:49 IST" name="clickOnComputer" finished-at="2025-08-04T11:23:50 IST" duration-ms="917" status="PASS">
          <reporter-output>
          </reporter-output>
        </test-method> <!-- clickOnComputer -->
        <test-method is-config="true" signature="logout()[pri:0, instance:computers.TCS_DWS_021_TEST@477b4cdf]" started-at="2025-08-04T11:23:50 IST" name="logout" finished-at="2025-08-04T11:23:51 IST" duration-ms="952" status="PASS">
          <reporter-output>
          </reporter-output>
        </test-method> <!-- logout -->
        <test-method is-config="true" signature="closeBrowser()[pri:0, instance:computers.TCS_DWS_021_TEST@477b4cdf]" started-at="2025-08-04T11:23:51 IST" name="closeBrowser" finished-at="2025-08-04T11:23:51 IST" duration-ms="266" status="PASS">
          <reporter-output>
          </reporter-output>
        </test-method> <!-- closeBrowser -->
      </class> <!-- computers.TCS_DWS_021_TEST -->
    </test> <!-- Test -->
  </suite> <!-- Suite -->
</testng-results>
