<?xml version="1.0" encoding="UTF-8"?>
<!-- Generated by org.testng.reporters.JUnitXMLReporter -->
<testsuite ignored="2" hostname="AyushKumarSingh" failures="0" tests="2" name="Test" time="60.617" errors="0" timestamp="2025-08-04T11:23:51 IST">
  <testcase classname="books.TC_DWS_001_TEST" name="clickOnBooks" time="1.083"/>
  <testcase classname="computers.TCS_DWS_021_TEST" name="clickOnComputer" time="0.917"/>
  <testcase classname="genericutility.BaseClass" name="@AfterSuite reportBackup" time="0.0">
    <ignored/>
  </testcase> <!-- @AfterSuite reportBackup -->
  <testcase classname="genericutility.BaseClass" name="@BeforeSuite reportCnfig" time="0.0">
    <ignored/>
  </testcase> <!-- @BeforeSuite reportCnfig -->
</testsuite> <!-- Test -->
